# JRE version: OpenJDK Runtime Environment Temurin-21.0.4+7 (21.0.4+7) (build 21.0.4+7-LTS)
# Java VM: OpenJDK 64-Bit Server VM Temurin-21.0.4+7 (21.0.4+7-LTS, mixed mode, sharing, tiered, compressed oops, compressed class ptrs, g1 gc, windows-amd64)
GC Precious Log:
 CardTable entry size: 512
 Card Set container configuration: InlinePtr #cards 4 size 8 Array Of Cards #cards 16 size 48 Howl #buckets 8 coarsen threshold 3686 Howl Bitmap #cards 512 size 80 coarsen threshold 460 Card regions per heap region 1 cards per card region 4096
 CPUs: 12 total, 12 available
 Memory: 16188M
 Large Page Support: Disabled
 NUMA Support: Disabled
 Compressed Oops: Enabled (Zero based)
 Heap Region Size: 2M
 Heap Min Capacity: 8M
 Heap Initial Capacity: 254M
 Heap Max Capacity: 4048M
 Pre-touch: Disabled
 Parallel Workers: 10
 Concurrent Workers: 3
 Concurrent Refinement Workers: 10
 Periodic GC: Disabled
Heap:
 garbage-first heap   total 28672K, used 19112K [0x0000000703000000, 0x0000000800000000)
  region size 2048K, 5 young (10240K), 0 survivors (0K)
 Metaspace       used 10109K, committed 10432K, reserved 1114112K
  class space    used 970K, committed 1088K, reserved 1048576K
GC Heap History (20 events):
Event: 913.224 GC heap before
{Heap before GC invocations=248 (full 217):
 garbage-first heap   total 28672K, used 10920K [0x0000000703000000, 0x0000000800000000)
  region size 2048K, 1 young (2048K), 0 survivors (0K)
 Metaspace       used 10064K, committed 10304K, reserved 1114112K
  class space    used 963K, committed 1088K, reserved 1048576K
}
Event: 913.231 GC heap after
{Heap after GC invocations=249 (full 218):
 garbage-first heap   total 28672K, used 11860K [0x0000000703000000, 0x0000000800000000)
  region size 2048K, 0 young (0K), 0 survivors (0K)
 Metaspace       used 10064K, committed 10304K, reserved 1114112K
  class space    used 963K, committed 1088K, reserved 1048576K
}
Event: 913.240 GC heap before
{Heap before GC invocations=249 (full 218):
 garbage-first heap   total 28672K, used 11860K [0x0000000703000000, 0x0000000800000000)
  region size 2048K, 1 young (2048K), 0 survivors (0K)
 Metaspace       used 10064K, committed 10304K, reserved 1114112K
  class space    used 963K, committed 1088K, reserved 1048576K
}
Event: 913.248 GC heap after
{Heap after GC invocations=250 (full 219):
 garbage-first heap   total 28672K, used 11857K [0x0000000703000000, 0x0000000800000000)
  region size 2048K, 0 young (0K), 0 survivors (0K)
 Metaspace       used 10064K, committed 10304K, reserved 1114112K
  class space    used 963K, committed 1088K, reserved 1048576K
}
Event: 913.255 GC heap before
{Heap before GC invocations=250 (full 219):
 garbage-first heap   total 28672K, used 11857K [0x0000000703000000, 0x0000000800000000)
  region size 2048K, 1 young (2048K), 0 survivors (0K)
 Metaspace       used 10064K, committed 10304K, reserved 1114112K
  class space    used 963K, committed 1088K, reserved 1048576K
}
Event: 913.263 GC heap after
{Heap after GC invocations=251 (full 220):
 garbage-first heap   total 28672K, used 11857K [0x0000000703000000, 0x0000000800000000)
  region size 2048K, 0 young (0K), 0 survivors (0K)
 Metaspace       used 10064K, committed 10304K, reserved 1114112K
  class space    used 963K, committed 1088K, reserved 1048576K
}
Event: 913.272 GC heap before
{Heap before GC invocations=251 (full 220):
 garbage-first heap   total 28672K, used 11857K [0x0000000703000000, 0x0000000800000000)
  region size 2048K, 1 young (2048K), 0 survivors (0K)
 Metaspace       used 10064K, committed 10304K, reserved 1114112K
  class space    used 963K, committed 1088K, reserved 1048576K
}
Event: 913.281 GC heap after
{Heap after GC invocations=252 (full 221):
 garbage-first heap   total 28672K, used 10920K [0x0000000703000000, 0x0000000800000000)
  region size 2048K, 0 young (0K), 0 survivors (0K)
 Metaspace       used 10064K, committed 10304K, reserved 1114112K
  class space    used 963K, committed 1088K, reserved 1048576K
}
Event: 913.288 GC heap before
{Heap before GC invocations=252 (full 221):
 garbage-first heap   total 28672K, used 10920K [0x0000000703000000, 0x0000000800000000)
  region size 2048K, 1 young (2048K), 0 survivors (0K)
 Metaspace       used 10064K, committed 10304K, reserved 1114112K
  class space    used 963K, committed 1088K, reserved 1048576K
}
Event: 913.296 GC heap after
{Heap after GC invocations=253 (full 222):
 garbage-first heap   total 28672K, used 10920K [0x0000000703000000, 0x0000000800000000)
  region size 2048K, 0 young (0K), 0 survivors (0K)
 Metaspace       used 10064K, committed 10304K, reserved 1114112K
  class space    used 963K, committed 1088K, reserved 1048576K
}
Event: 913.305 GC heap before
{Heap before GC invocations=253 (full 222):
 garbage-first heap   total 28672K, used 10920K [0x0000000703000000, 0x0000000800000000)
  region size 2048K, 2 young (4096K), 0 survivors (0K)
 Metaspace       used 10064K, committed 10304K, reserved 1114112K
  class space    used 963K, committed 1088K, reserved 1048576K
}
Event: 913.312 GC heap after
{Heap after GC invocations=254 (full 223):
 garbage-first heap   total 28672K, used 10920K [0x0000000703000000, 0x0000000800000000)
  region size 2048K, 0 young (0K), 0 survivors (0K)
 Metaspace       used 10064K, committed 10304K, reserved 1114112K
  class space    used 963K, committed 1088K, reserved 1048576K
}
Event: 913.335 GC heap before
{Heap before GC invocations=254 (full 223):
 garbage-first heap   total 28672K, used 10920K [0x0000000703000000, 0x0000000800000000)
  region size 2048K, 1 young (2048K), 0 survivors (0K)
 Metaspace       used 10064K, committed 10304K, reserved 1114112K
  class space    used 963K, committed 1088K, reserved 1048576K
}
Event: 913.342 GC heap after
{Heap after GC invocations=255 (full 224):
 garbage-first heap   total 28672K, used 10920K [0x0000000703000000, 0x0000000800000000)
  region size 2048K, 0 young (0K), 0 survivors (0K)
 Metaspace       used 10064K, committed 10304K, reserved 1114112K
  class space    used 963K, committed 1088K, reserved 1048576K
}
Event: 913.350 GC heap before
{Heap before GC invocations=255 (full 224):
 garbage-first heap   total 28672K, used 10920K [0x0000000703000000, 0x0000000800000000)
  region size 2048K, 1 young (2048K), 0 survivors (0K)
 Metaspace       used 10064K, committed 10304K, reserved 1114112K
  class space    used 963K, committed 1088K, reserved 1048576K
}
Event: 913.358 GC heap after
{Heap after GC invocations=256 (full 225):
 garbage-first heap   total 28672K, used 10920K [0x0000000703000000, 0x0000000800000000)
  region size 2048K, 0 young (0K), 0 survivors (0K)
 Metaspace       used 10064K, committed 10304K, reserved 1114112K
  class space    used 963K, committed 1088K, reserved 1048576K
}
Event: 913.375 GC heap before
{Heap before GC invocations=256 (full 225):
 garbage-first heap   total 28672K, used 10920K [0x0000000703000000, 0x0000000800000000)
  region size 2048K, 1 young (2048K), 0 survivors (0K)
 Metaspace       used 10064K, committed 10304K, reserved 1114112K
  class space    used 963K, committed 1088K, reserved 1048576K
}
Event: 913.382 GC heap after
{Heap after GC invocations=257 (full 226):
 garbage-first heap   total 28672K, used 10920K [0x0000000703000000, 0x0000000800000000)
  region size 2048K, 0 young (0K), 0 survivors (0K)
 Metaspace       used 10064K, committed 10304K, reserved 1114112K
  class space    used 963K, committed 1088K, reserved 1048576K
}
Event: 913.412 GC heap before
{Heap before GC invocations=257 (full 226):
 garbage-first heap   total 28672K, used 10920K [0x0000000703000000, 0x0000000800000000)
  region size 2048K, 1 young (2048K), 0 survivors (0K)
 Metaspace       used 10064K, committed 10304K, reserved 1114112K
  class space    used 963K, committed 1088K, reserved 1048576K
}
Event: 913.419 GC heap after
{Heap after GC invocations=258 (full 227):
 garbage-first heap   total 28672K, used 10920K [0x0000000703000000, 0x0000000800000000)
  region size 2048K, 0 young (0K), 0 survivors (0K)
 Metaspace       used 10064K, committed 10304K, reserved 1114112K
  class space    used 963K, committed 1088K, reserved 1048576K
}

